This is pdfTeX, Version 3.141592-1.40.4 (MiKTeX 2.6) (preloaded format=latex 2010.9.7)  1 FEB 2013 04:43
entering extended mode
**i-moacos.tex
(i-moacos.tex
LaTeX2e <2005/12/01>
Babel <v3.8g> and hyphenation patterns for english, dumylang, nohyphenation, ge
rman, ngerman, spanish, french, loaded.
(sig-alternate.cls
("C:\Archivos de programa\MiKTeX 2.6\tex\latex\graphics\epsfig.sty"
Package: epsfig 1999/02/16 v1.7a (e)psfig emulation (SPQR)

("C:\Archivos de programa\MiKTeX 2.6\tex\latex\graphics\graphicx.sty"
Package: graphicx 1999/02/16 v1.0f Enhanced LaTeX Graphics (DPC,SPQR)

("C:\Archivos de programa\MiKTeX 2.6\tex\latex\graphics\keyval.sty"
Package: keyval 1999/03/16 v1.13 key=value parser (DPC)
\KV@toks@=\toks14
)
("C:\Archivos de programa\MiKTeX 2.6\tex\latex\graphics\graphics.sty"
Package: graphics 2006/02/20 v1.0o Standard LaTeX Graphics (DPC,SPQR)

("C:\Archivos de programa\MiKTeX 2.6\tex\latex\graphics\trig.sty"
Package: trig 1999/03/16 v1.09 sin cos tan (DPC)
)
("C:\Archivos de programa\MiKTeX 2.6\tex\latex\00miktex\graphics.cfg"
File: graphics.cfg 2007/01/18 v1.5 graphics configuration of teTeX/TeXLive
)
Package graphics Info: Driver file: dvips.def on input line 90.

("C:\Archivos de programa\MiKTeX 2.6\tex\latex\graphics\dvips.def"
File: dvips.def 1999/02/16 v3.0i Driver-dependant file (DPC,SPQR)
))
\Gin@req@height=\dimen102
\Gin@req@width=\dimen103
)
\epsfxsize=\dimen104
\epsfysize=\dimen105
)
("C:\Archivos de programa\MiKTeX 2.6\tex\latex\amsfonts\amssymb.sty"
Package: amssymb 2002/01/22 v2.2d

("C:\Archivos de programa\MiKTeX 2.6\tex\latex\amsfonts\amsfonts.sty"
Package: amsfonts 2001/10/25 v2.2f
\@emptytoks=\toks15
\symAMSa=\mathgroup4
\symAMSb=\mathgroup5
LaTeX Font Info:    Overwriting math alphabet `\mathfrak' in version `bold'
(Font)                  U/euf/m/n --> U/euf/b/n on input line 132.
))
("C:\Archivos de programa\MiKTeX 2.6\tex\latex\amsmath\amsmath.sty"
Package: amsmath 2000/07/18 v2.13 AMS math features
\@mathmargin=\skip41

For additional information on amsmath, use the `?' option.
("C:\Archivos de programa\MiKTeX 2.6\tex\latex\amsmath\amstext.sty"
Package: amstext 2000/06/29 v2.01

("C:\Archivos de programa\MiKTeX 2.6\tex\latex\amsmath\amsgen.sty"
File: amsgen.sty 1999/11/30 v2.0
\@emptytoks=\toks16
\ex@=\dimen106
))
("C:\Archivos de programa\MiKTeX 2.6\tex\latex\amsmath\amsbsy.sty"
Package: amsbsy 1999/11/29 v1.2d
\pmbraise@=\dimen107
)
("C:\Archivos de programa\MiKTeX 2.6\tex\latex\amsmath\amsopn.sty"
Package: amsopn 1999/12/14 v2.01 operator names
)
\inf@bad=\count79
LaTeX Info: Redefining \frac on input line 211.
\uproot@=\count80
\leftroot@=\count81
LaTeX Info: Redefining \overline on input line 307.
\classnum@=\count82
\DOTSCASE@=\count83
LaTeX Info: Redefining \ldots on input line 379.
LaTeX Info: Redefining \dots on input line 382.
LaTeX Info: Redefining \cdots on input line 467.
\Mathstrutbox@=\box26
\strutbox@=\box27
\big@size=\dimen108
LaTeX Font Info:    Redeclaring font encoding OML on input line 567.
LaTeX Font Info:    Redeclaring font encoding OMS on input line 568.
\macc@depth=\count84
\c@MaxMatrixCols=\count85
\dotsspace@=\muskip10
\c@parentequation=\count86
\dspbrk@lvl=\count87
\tag@help=\toks17
\row@=\count88
\column@=\count89
\maxfields@=\count90
\andhelp@=\toks18
\eqnshift@=\dimen109
\alignsep@=\dimen110
\tagshift@=\dimen111
\tagwidth@=\dimen112
\totwidth@=\dimen113
\lineht@=\dimen114
\@envbody=\toks19
\multlinegap=\skip42
\multlinetaggap=\skip43
\mathdisplay@stack=\toks20
LaTeX Info: Redefining \[ on input line 2666.
LaTeX Info: Redefining \] on input line 2667.
)
Document Class 'sig-alternate' <23rd. May '12>. Modified by G.K.M. Tobin/Gerry 
Murray
Based in part upon document Style `acmconf' <22 May 89>. Hacked 4/91 by
shivers@cs.cmu.edu, 4/93 by theobald@cs.mcgill.ca
Excerpts were taken from (Journal Style) 'esub2acm.cls'.
****** Bugs/comments/suggestions/technicalities to Gerry Murray -- murray@hq.ac
m.org ******
Questions on the style, SIGS policies, etc. to Adrienne Griscti griscti@acm.org

\footheight=\dimen115
\@maxsep=\dimen116
\@dblmaxsep=\dimen117
\aucount=\count91
\originalaucount=\count92
\auwidth=\dimen118
\auskip=\dimen119
\auskipcount=\count93
\auskip=\dimen120
\allauboxes=\dimen121
\addauthors=\toks21
\addauflag=\count94
\subtitletext=\toks22
\savesection=\count95
\sectioncntr=\count96
\c@figure=\count97
\c@table=\count98
\titleboxnotes=\toks23
\titleboxnoteflag=\count99
Document Class: sig-alternate 2012/05/23 - V2.5 - based on acmproc.cls V1.3 <No
v. 30 '99>
("C:\Archivos de programa\MiKTeX 2.6\tex\latex\base\latexsym.sty"
Package: latexsym 1998/08/17 v2.2e Standard LaTeX package (lasy symbols)
\symlasy=\mathgroup6
LaTeX Font Info:    Overwriting symbol font `lasy' in version `bold'
(Font)                  U/lasy/m/n --> U/lasy/b/n on input line 47.
)
\@acmtitlebox=\box28
\titlenotecount=\count100
\tntoks=\toks24
\tntokstwo=\toks25
\tntoksthree=\toks26
\tntoksfour=\toks27
\tntoksfive=\toks28
\catcount=\count101
\copyrightnotice=\toks29
\conf=\toks30
\confinfo=\toks31
\c@part=\count102
\c@section=\count103
\c@subsection=\count104
\c@subsubsection=\count105
\c@paragraph=\count106

Using 'Abbrev' bibliography style
LaTeX Info: Redefining \cite on input line 1211.
\bibindent=\dimen122
\colcntr=\count107
\saveb@x=\box29
\copyrtyr=\toks32
\acmcopyr=\toks33
\boilerplate=\toks34
\copyrightetc=\toks35
("C:\Archivos de programa\MiKTeX 2.6\tex\latex\base\fontenc.sty"
Package: fontenc 2005/09/27 v1.99g Standard LaTeX package

("C:\Archivos de programa\MiKTeX 2.6\tex\latex\base\t1enc.def"
File: t1enc.def 2005/09/27 v1.99g Standard LaTeX file
LaTeX Font Info:    Redeclaring font encoding T1 on input line 43.
)
LaTeX Font Info:    Try loading font information for T1+aer on input line 100.

("C:\Archivos de programa\MiKTeX 2.6\tex\latex\ae\t1aer.fd"
File: t1aer.fd 1997/11/16 Font definitions for T1/aer.
)))
("C:\Archivos de programa\MiKTeX 2.6\tex\latex\base\inputenc.sty"
Package: inputenc 2006/05/05 v1.1b Input encoding file
\inpenc@prehook=\toks36
\inpenc@posthook=\toks37

("C:\Archivos de programa\MiKTeX 2.6\tex\latex\base\latin1.def"
File: latin1.def 2006/05/05 v1.1b Input encoding file
))
("C:\Archivos de programa\MiKTeX 2.6\tex\latex\subfigure\subfigure.sty"
Package: subfigure 2002/07/30 v2.1.4 subfigure package
\subfigtopskip=\skip44
\subfigcapskip=\skip45
\subfigcaptopadj=\dimen123
\subfigbottomskip=\skip46
\subfigcapmargin=\dimen124
\subfiglabelskip=\skip47
\c@subfigure=\count108
\c@lofdepth=\count109
\c@subtable=\count110
\c@lotdepth=\count111

****************************************
* Local config file subfigure.cfg used *
****************************************
("C:\Archivos de programa\MiKTeX 2.6\tex\latex\subfigure\subfigure.cfg")
\subfig@top=\skip48
\subfig@bottom=\skip49
)
("C:\Archivos de programa\MiKTeX 2.6\tex\latex\ltxmisc\url.sty"
\Urlmuskip=\muskip11
Package: url 2005/06/27  ver 3.2  Verb mode for urls, etc.
) (i-moacos.aux)
LaTeX Font Info:    Checking defaults for OML/cmm/m/it on input line 55.
LaTeX Font Info:    ... okay on input line 55.
LaTeX Font Info:    Checking defaults for T1/cmr/m/n on input line 55.
LaTeX Font Info:    ... okay on input line 55.
LaTeX Font Info:    Checking defaults for OT1/cmr/m/n on input line 55.
LaTeX Font Info:    ... okay on input line 55.
LaTeX Font Info:    Checking defaults for OMS/cmsy/m/n on input line 55.
LaTeX Font Info:    ... okay on input line 55.
LaTeX Font Info:    Checking defaults for OMX/cmex/m/n on input line 55.
LaTeX Font Info:    ... okay on input line 55.
LaTeX Font Info:    Checking defaults for U/cmr/m/n on input line 55.
LaTeX Font Info:    ... okay on input line 55.
LaTeX Font Info:    Try loading font information for U+msa on input line 206.
("C:\Archivos de programa\MiKTeX 2.6\tex\latex\amsfonts\umsa.fd"
File: umsa.fd 2002/01/19 v2.2g AMS font definitions
)
LaTeX Font Info:    Try loading font information for U+msb on input line 206.

("C:\Archivos de programa\MiKTeX 2.6\tex\latex\amsfonts\umsb.fd"
File: umsb.fd 2002/01/19 v2.2g AMS font definitions
)
LaTeX Font Info:    Try loading font information for U+lasy on input line 206.

("C:\Archivos de programa\MiKTeX 2.6\tex\latex\base\ulasy.fd"
File: ulasy.fd 1998/08/17 v2.2e LaTeX symbol font definitions
)
Overfull \hbox (11.4009pt too wide) in paragraph at lines 209--214
[]\T1/aer/m/n/9 Pareto-based is-land model is a multi-colony dis-tri-bu-tion sc
heme
 []


Overfull \hbox (1.26794pt too wide) in paragraph at lines 218--219
[]\T1/aer/m/n/9 H.4 [\T1/aer/bx/n/9 Information Sys-tems Ap-pli-ca-tions\T1/aer
/m/n/9 ]: Mis-cel-la-neous;
 []


Overfull \hbox (5.352pt too wide) in paragraph at lines 226--227
[]\T1/aer/m/n/9 Multi-objective ant colony op-ti-miza-tion al-go-rithms, MOACO,

 []


Underfull \vbox (badness 10000) has occurred while \output is active []

 [1


]
Overfull \hbox (1.28943pt too wide) detected at line 288
[]
 []


Overfull \hbox (1.39119pt too wide) in paragraph at lines 293--308
[][]\T1/aer/m/n/9 Hence, the so-lu-tions in the PS are known as \T1/aer/m/it/9 
non-dominated
 []


Overfull \hbox (2.81396pt too wide) in paragraph at lines 315--316
\T1/aer/m/n/9 Objective Ant Colony Sys-tem), which was pro-posed by Barán
 []


Underfull \hbox (badness 10000) in paragraph at lines 317--322

 []


Overfull \hbox (16.77528pt too wide) detected at line 339
\OML/cmm/m/it/8 P\OT1/cmr/m/n/8 (\OML/cmm/m/it/8 i; j\OT1/cmr/m/n/8 ) = []
 []

[2]
Overfull \hbox (6.24295pt too wide) in paragraph at lines 390--391
\T1/aer/m/n/9 criteria TSP (bTSP), de-fined as: given an undi-rected weighted
 []


Overfull \hbox (3.13928pt too wide) in paragraph at lines 430--431
\T1/aer/m/n/9 in the re-ceiver is-land?): Con-sid-er-ing the multi-objective
 []

[3]
File: figures/todojunto.eps Graphic file (type eps)
 <figures/todojunto.eps>
LaTeX Font Info:    Try loading font information for T1+aett on input line 511.


("C:\Archivos de programa\MiKTeX 2.6\tex\latex\ae\t1aett.fd"
File: t1aett.fd 1997/11/16 Font definitions for T1/aett.
)
Overfull \hbox (3.23814pt too wide) in paragraph at lines 514--517
\T1/aer/m/n/9 par-al-leliza-tion has been im-ple-mented us-ing the Mes-sage Pas
s-
 []

[4]
Underfull \hbox (badness 2653) in paragraph at lines 556--556
[][]\T1/aer/m/n/9 Available from: $\T1/aett/m/n/9 http : / / dbkgroup . org / k
nowles / plot _
 []

File: figures/attainment_unidirectional.eps Graphic file (type eps)
<figures/attainment_unidirectional.eps>
File: figures/attainment_bidirectional.eps Graphic file (type eps)
 <figures/attainment_bidirectional.eps>
File: figures/attainment_broadcast.eps Graphic file (type eps)

<figures/attainment_broadcast.eps>
File: figures/attainment_best.eps Graphic file (type eps)
 <figures/attainment_best.eps>
Overfull \hbox (5.85573pt too wide) in paragraph at lines 586--587
\T1/aer/m/n/9 in the ob-jec-tive space, cov-ered by a set of non-dominated
 []

File: figures/boxplot_hypervolume_gray.eps Graphic file (type eps)
<figures/boxplot_hypervolume_gray.eps>
File: figures/boxplot_spread_gray.eps Graphic file (type eps)
 <figures/boxplot_spread_gray.eps>
File: figures/boxplot_epsilon_gray.eps Graphic file (type eps)

<figures/boxplot_epsilon_gray.eps>
File: figures/boxplot_num_solutions_gray.eps Graphic file (type eps)
 <figures/boxplot_num_solutions_gray.eps>
Overfull \hbox (12.0221pt too wide) in paragraph at lines 627--629
\T1/aer/m/it/9 broad-cast \T1/aer/m/n/9 the best op-tion with re-gard to the sp
read/distribution
 []

[5]
File: figures/boxplot_time_gray.eps Graphic file (type eps)
 <figures/boxplot_time_gray.eps>
Underfull \vbox (badness 10000) has occurred while \output is active []

File: figures/tukey_hypervolume_topology.eps Graphic file (type eps)

<figures/tukey_hypervolume_topology.eps>
File: figures/tukey_hypervolume_mig_rate.eps Graphic file (type eps)

<figures/tukey_hypervolume_mig_rate.eps>
File: figures/tukey_epsilon_topology.eps Graphic file (type eps)
 <figures/tukey_epsilon_topology.eps>
File: figures/tukey_epsilon_mig_rate.eps Graphic file (type eps)

<figures/tukey_epsilon_mig_rate.eps>
File: figures/tukey_spread_topology.eps Graphic file (type eps)
 <figures/tukey_spread_topology.eps>
File: figures/tukey_spread_mig_rate.eps Graphic file (type eps)

<figures/tukey_spread_mig_rate.eps>
File: figures/tukey_num_solutions_topology.eps Graphic file (type eps)
 <figures/tukey_num_solutions_topology.eps>
File: figures/tukey_num_solutions_mig_rate.eps Graphic file (type eps)

<figures/tukey_num_solutions_mig_rate.eps>
File: figures/tukey_time_topology.eps Graphic file (type eps)
 <figures/tukey_time_topology.eps>
File: figures/tukey_time_mig_rate.eps Graphic file (type eps)

<figures/tukey_time_mig_rate.eps>

LaTeX Warning: Float too large for page by 44.60109pt on input line 778.

[6] [7] (i-moacos.bbl [8]
Underfull \vbox (badness 10000) has occurred while \output is active []

) [9]
(i-moacos.aux) ) 
Here is how much of TeX's memory you used:
 2416 strings out of 95270
 26401 string characters out of 1184317
 79644 words of memory out of 1072574
 5368 multiletter control sequences out of 60000
 52143 words of font info for 69 fonts, out of 1000000 for 2000
 14 hyphenation exceptions out of 8191
 39i,16n,26p,1171b,391s stack positions out of 5000i,500n,10000p,200000b,32768s

Output written on i-moacos.dvi (9 pages, 71068 bytes).
