This is pdfTeX, Version 3.1415926-2.4-1.40.13 (MiKTeX 2.9 64-bit) (preloaded format=latex 2013.4.10)  4 NOV 2013 18:10
entering extended mode
**mario_ev-fsm.tex
(C:\Trabajo\GIT\papers\2013\EvIn-Mario-EVO_FSM\mario_ev-fsm.tex
LaTeX2e <2011/06/27>
Babel <v3.8m> and hyphenation patterns for english, afrikaans, ancientgreek, ar
abic, armenian, assamese, basque, bengali, bokmal, bulgarian, catalan, coptic, 
croatian, czech, danish, dutch, esperanto, estonian, farsi, finnish, french, ga
lician, german, german-x-2012-05-30, greek, gujarati, hindi, hungarian, iceland
ic, indonesian, interlingua, irish, italian, kannada, kurmanji, latin, latvian,
 lithuanian, malayalam, marathi, mongolian, mongolianlmc, monogreek, ngerman, n
german-x-2012-05-30, nynorsk, oriya, panjabi, pinyin, polish, portuguese, roman
ian, russian, sanskrit, serbian, slovak, slovenian, spanish, swedish, swissgerm
an, tamil, telugu, turkish, turkmen, ukenglish, ukrainian, uppersorbian, usengl
ishmax, welsh, loaded.

LaTeX Warning: File `example.eps' already exists on the system.
               Not generating it from this source.

("C:\Program Files\MiKTeX 2.9\tex\latex\base\fix-cm.sty"
Package: fix-cm 2006/09/13 v1.1m fixes to LaTeX

("C:\Program Files\MiKTeX 2.9\tex\latex\base\ts1enc.def"
File: ts1enc.def 2001/06/05 v3.0e (jk/car/fm) Standard LaTeX file
))
(C:\Trabajo\GIT\papers\2013\EvIn-Mario-EVO_FSM\svjour3.cls
Document Class: svjour3 2007/05/08 v3.2 
LaTeX document class for Springer journals
Class Springer-SVJour3 Info: extra/valid Springer sub-package (-> *.clo) 
(Springer-SVJour3)           not found in option list of \documentclass
(Springer-SVJour3)           - autoactivating "global" style.
(C:\Trabajo\GIT\papers\2013\EvIn-Mario-EVO_FSM\svglov3.clo
File: svglov3.clo 2009/12/18 v3.2 style option for standardised journals

SVJour Class option: svglov3.clo for standardised journals
)
LaTeX Font Info:    Redeclaring math symbol \Gamma on input line 147.
LaTeX Font Info:    Redeclaring math symbol \Delta on input line 148.
LaTeX Font Info:    Redeclaring math symbol \Theta on input line 149.
LaTeX Font Info:    Redeclaring math symbol \Lambda on input line 150.
LaTeX Font Info:    Redeclaring math symbol \Xi on input line 151.
LaTeX Font Info:    Redeclaring math symbol \Pi on input line 152.
LaTeX Font Info:    Redeclaring math symbol \Sigma on input line 153.
LaTeX Font Info:    Redeclaring math symbol \Upsilon on input line 154.
LaTeX Font Info:    Redeclaring math symbol \Phi on input line 155.
LaTeX Font Info:    Redeclaring math symbol \Psi on input line 156.
LaTeX Font Info:    Redeclaring math symbol \Omega on input line 157.
\logodepth=\dimen102
\headerboxheight=\dimen103
\betweenumberspace=\dimen104
\aftertext=\dimen105
\headlineindent=\dimen106
\c@inst=\count79
\c@auth=\count80
\instindent=\dimen107
\authrun=\box26
\authorrunning=\toks14
\titrun=\box27
\titlerunning=\toks15
\combirun=\box28
\c@lastpage=\count81
\rubricwidth=\dimen108
\c@section=\count82
\c@subsection=\count83
\c@subsubsection=\count84
\c@paragraph=\count85
\c@subparagraph=\count86
\spthmsep=\dimen109
\c@theorem=\count87
\c@case=\count88
\c@conjecture=\count89
\c@corollary=\count90
\c@definition=\count91
\c@example=\count92
\c@exercise=\count93
\c@lemma=\count94
\c@note=\count95
\c@problem=\count96
\c@property=\count97
\c@proposition=\count98
\c@question=\count99
\c@solution=\count100
\c@remark=\count101
\c@figure=\count102
\c@table=\count103
\abovecaptionskip=\skip41
\belowcaptionskip=\skip42
\figcapgap=\dimen110
\tabcapgap=\dimen111
\figgap=\dimen112
\bibindent=\dimen113
\@tempcntc=\count104
) ("C:\Program Files\MiKTeX 2.9\tex\latex\base\inputenc.sty"
Package: inputenc 2008/03/30 v1.1d Input encoding file
\inpenc@prehook=\toks16
\inpenc@posthook=\toks17

("C:\Program Files\MiKTeX 2.9\tex\latex\base\latin1.def"
File: latin1.def 2008/03/30 v1.1d Input encoding file
))
("C:\Program Files\MiKTeX 2.9\tex\latex\graphics\graphicx.sty"
Package: graphicx 1999/02/16 v1.0f Enhanced LaTeX Graphics (DPC,SPQR)

("C:\Program Files\MiKTeX 2.9\tex\latex\graphics\keyval.sty"
Package: keyval 1999/03/16 v1.13 key=value parser (DPC)
\KV@toks@=\toks18
)
("C:\Program Files\MiKTeX 2.9\tex\latex\graphics\graphics.sty"
Package: graphics 2009/02/05 v1.0o Standard LaTeX Graphics (DPC,SPQR)

("C:\Program Files\MiKTeX 2.9\tex\latex\graphics\trig.sty"
Package: trig 1999/03/16 v1.09 sin cos tan (DPC)
)
("C:\Program Files\MiKTeX 2.9\tex\latex\00miktex\graphics.cfg"
File: graphics.cfg 2007/01/18 v1.5 graphics configuration of teTeX/TeXLive
)
Package graphics Info: Driver file: dvips.def on input line 91.

("C:\Program Files\MiKTeX 2.9\tex\latex\graphics\dvips.def"
File: dvips.def 1999/02/16 v3.0i Driver-dependant file (DPC,SPQR)
))
\Gin@req@height=\dimen114
\Gin@req@width=\dimen115
)
("C:\Program Files\MiKTeX 2.9\tex\latex\graphics\color.sty"
Package: color 2005/11/14 v1.0j Standard LaTeX Color (DPC)

("C:\Program Files\MiKTeX 2.9\tex\latex\00miktex\color.cfg"
File: color.cfg 2007/01/18 v1.5 color configuration of teTeX/TeXLive
)
Package color Info: Driver file: dvips.def on input line 130.

("C:\Program Files\MiKTeX 2.9\tex\latex\graphics\dvipsnam.def"
File: dvipsnam.def 1999/02/16 v3.0i Driver-dependant file (DPC,SPQR)
))
("C:\Program Files\MiKTeX 2.9\tex\latex\ltxmisc\url.sty"
\Urlmuskip=\muskip10
Package: url 2006/04/12  ver 3.3  Verb mode for urls, etc.
)
("C:\Program Files\MiKTeX 2.9\tex\generic\babel\babel.sty"
Package: babel 2008/07/08 v3.8m The Babel package

*************************************
* Local config file bblopts.cfg used
*
("C:\Program Files\MiKTeX 2.9\tex\latex\00miktex\bblopts.cfg"
File: bblopts.cfg 2006/07/31 v1.0 MiKTeX 'babel' configuration
)
("C:\Program Files\MiKTeX 2.9\tex\generic\babel\english.ldf"
Language: english 2005/03/30 v3.3o English support from the babel system

("C:\Program Files\MiKTeX 2.9\tex\generic\babel\babel.def"
File: babel.def 2008/07/08 v3.8m Babel common definitions
\babel@savecnt=\count105
\U@D=\dimen116
)
\l@canadian = a dialect from \language\l@american 
\l@australian = a dialect from \language\l@british 
\l@newzealand = a dialect from \language\l@british 
))
(C:\Trabajo\GIT\papers\2013\EvIn-Mario-EVO_FSM\mario_ev-fsm.aux)
LaTeX Font Info:    Checking defaults for OML/cmm/m/it on input line 66.
LaTeX Font Info:    ... okay on input line 66.
LaTeX Font Info:    Checking defaults for T1/cmr/m/n on input line 66.
LaTeX Font Info:    ... okay on input line 66.
LaTeX Font Info:    Checking defaults for OT1/cmr/m/n on input line 66.
LaTeX Font Info:    ... okay on input line 66.
LaTeX Font Info:    Checking defaults for OMS/cmsy/m/n on input line 66.
LaTeX Font Info:    ... okay on input line 66.
LaTeX Font Info:    Checking defaults for OMX/cmex/m/n on input line 66.
LaTeX Font Info:    ... okay on input line 66.
LaTeX Font Info:    Checking defaults for U/cmr/m/n on input line 66.
LaTeX Font Info:    ... okay on input line 66.
LaTeX Font Info:    Checking defaults for TS1/cmr/m/n on input line 66.
LaTeX Font Info:    ... okay on input line 66.

Unknown journal: specify \journalname{<name of your journal>} in preambel

SVJour3 warning: Missing \journalname
LaTeX Font Info:    External font `cmex10' loaded for size
(Font)              <7> on input line 94.
LaTeX Font Info:    External font `cmex10' loaded for size
(Font)              <5> on input line 94.
LaTeX Font Info:    External font `cmex10' loaded for size
(Font)              <8> on input line 94.
LaTeX Font Info:    External font `cmex10' loaded for size
(Font)              <6> on input line 94.
LaTeX Font Info:    Try loading font information for OMS+cmr on input line 94.
("C:\Program Files\MiKTeX 2.9\tex\latex\base\omscmr.fd"
File: omscmr.fd 1999/05/25 v2.5h Standard LaTeX font definitions
)
LaTeX Font Info:    Font shape `OMS/cmr/m/n' in size <8> not available
(Font)              Font shape `OMS/cmsy/m/n' tried instead on input line 94.

Underfull \vbox (badness 10000) has occurred while \output is active []

 [1]
[2] [3]
File: imags/example_fsm.eps Graphic file (type eps)
 <imags/example_fsm.eps> [4]

LaTeX Warning: Citation ` Nareyek_FSM_Games' on page 5 undefined on input line 
184.

File: imags/level_example.eps Graphic file (type eps)
<imags/level_example.eps>
File: imags/mario_matrix.eps Graphic file (type eps)
 <imags/mario_matrix.eps> [5] [6] [7] [8]
File: imags/chromosome-fsm.eps Graphic file (type eps)

<imags/chromosome-fsm.eps> [9] [10] [11]
File: imags/population_monoseed.eps Graphic file (type eps)
 <imags/population_monoseed.eps>
Overfull \hbox (7.54092pt too wide) in paragraph at lines 458--460
 [][] 
 []

[12]
File: imags/comp_time_monoseed.eps Graphic file (type eps)
 <imags/comp_time_monoseed.eps>
File: imags/memory_monoseed.eps Graphic file (type eps)
 <imags/memory_monoseed.eps>
Overfull \hbox (5.28249pt too wide) in paragraph at lines 470--473
 [][] 
 []


Overfull \hbox (6.03531pt too wide) in paragraph at lines 470--473
 [] 
 []

File: imags/max_fitness_monoseed.eps Graphic file (type eps)
<imags/max_fitness_monoseed.eps> [13]
Underfull \vbox (badness 10000) has occurred while \output is active []

 [14]
File: imags/comp_time_multiseed.eps Graphic file (type eps)

<imags/comp_time_multiseed.eps>
File: imags/memory_multiseed.eps Graphic file (type eps)
 <imags/memory_multiseed.eps>
Overfull \hbox (4.87949pt too wide) in paragraph at lines 532--535
 [][] 
 []


Overfull \hbox (6.03531pt too wide) in paragraph at lines 532--535
 [] 
 []

[15]
Underfull \vbox (badness 2080) has occurred while \output is active []

 [16]
Overfull \hbox (25.03333pt too wide) in paragraph at lines 545--546
[][]\OT1/cmr/m/it/10 Difficulty level 1 (com-pleted)\OT1/cmr/m/n/10 : $\OT1/cmt
t/m/n/10 http : / / www . youtube . com / watch ? v = 6Pj6dZCE070$ 
 []


Overfull \hbox (25.53333pt too wide) in paragraph at lines 546--547
[][]\OT1/cmr/m/it/10 Difficulty level 2 (com-pleted)\OT1/cmr/m/n/10 : $\OT1/cmt
t/m/n/10 http : / / www . youtube . com / watch ? v = gtfuY-[]L0WDA$ 
 []


Overfull \hbox (25.03333pt too wide) in paragraph at lines 547--548
[][]\OT1/cmr/m/it/10 Difficulty level 3 (com-pleted)\OT1/cmr/m/n/10 : $\OT1/cmt
t/m/n/10 http : / / www . youtube . com / watch ? v = qQVQ43sWwYY$ 
 []


Overfull \hbox (18.90004pt too wide) in paragraph at lines 548--549
[][]\OT1/cmr/m/it/10 Difficulty level 12 (stacked)\OT1/cmr/m/n/10 : $\OT1/cmtt/
m/n/10 http : / / www . youtube . com / watch ? v = zNGfBApX7sk$ 
 []

[17]
Overfull \hbox (7.21654pt too wide) in paragraph at lines 582--583
\OT1/cmr/m/n/8 awarded by the An-dalu-sian Re-gional Gov-ern-ment, the FPU Gran
t 2009-2942 and the TIN2011-
 []


Overfull \hbox (0.749pt too wide) in paragraph at lines 602--604
[][]\OT1/cmr/m/n/8 R. Baum-garten, \OT1/cmr/m/it/8 Mario AI A* agent\OT1/cmr/m/
n/8 , http://www.doc.ic.ac.uk/ rb1006/projects:marioai. 
 []

[18] [19] (C:\Trabajo\GIT\papers\2013\EvIn-Mario-EVO_FSM\mario_ev-fsm.aux) ) 
Here is how much of TeX's memory you used:
 1934 strings out of 493922
 28425 string characters out of 3147299
 84717 words of memory out of 3000000
 5220 multiletter control sequences out of 15000+200000
 10517 words of font info for 37 fonts, out of 3000000 for 9000
 841 hyphenation exceptions out of 8191
 25i,9n,20p,985b,364s stack positions out of 5000i,500n,10000p,200000b,50000s

Output written on mario_ev-fsm.dvi (19 pages, 79404 bytes).
